D:\Work WS\Сев\Ласпи\Принц схемы.dwg,Лист1,22.06.2017 13:27:48,Intel,_AutoCAD PDF (General Documentation).pc3,ISO без полей A3 (420.00 x 297.00 мм),1:0.206714,
D:\Work WS\Сев\Ласпи\Принц схемы.dwg,Лист2,22.06.2017 13:27:49,Intel,_AutoCAD PDF (General Documentation).pc3,ISO без полей A3 (420.00 x 297.00 мм),1:0.206703,
D:\Work WS\Сев\Ласпи\Принц схемы.dwg,Лист1,22.06.2017 13:40:50,Intel,_AutoCAD PDF (General Documentation).pc3,ISO без полей A3 (420.00 x 297.00 мм),1:0.206714,
D:\Work WS\Сев\Ласпи\Принц схемы.dwg,Лист2,22.06.2017 13:40:53,Intel,_AutoCAD PDF (General Documentation).pc3,ISO без полей A3 (420.00 x 297.00 мм),1:0.206703,
D:\Work WS\Сев\Дороги\Разметка_зебра.dwg,Лист1,22.06.2017 16:34:40,Intel,_AutoCAD PDF (General Documentation).pc3,ISO без полей A3 (420.00 x 297.00 мм),1:0.0665076,
D:\Work WS\Сев\Дороги\Разметка_зебра.dwg,Лист2,22.06.2017 16:34:47,Intel,_AutoCAD PDF (General Documentation).pc3,ISO без полей A3 (420.00 x 297.00 мм),1:0.0675021,
Чертеж1.dwg,Лист1,23.06.2017 18:36:47,Intel,_AutoCAD PDF (General Documentation).pc3,ISO без полей A1 (594.00 x 841.00 мм),1:0.0678216,
Чертеж1.dwg,Лист2,23.06.2017 18:36:51,Intel,_AutoCAD PDF (General Documentation).pc3,ISO без полей A0 (841.00 x 1189.00 мм),1:0.0851903,
D:\Work WS\Сев\POR\ПОР_НК.dwg,Лист1,30.06.2017 17:09:20,Intel,_AutoCAD PDF (General Documentation).pc3,ISO без полей A2 (594.00 x 420.00 мм),1:0.0302678,
D:\Work WS\Сев\POR\ПОР_НК.dwg,Лист2,30.06.2017 17:09:31,Intel,_AutoCAD PDF (General Documentation).pc3,ISO без полей A2 (594.00 x 420.00 мм),1:0.0302678,
D:\Work WS\Сев\POR\ПОР_НК.dwg,Лист3,30.06.2017 17:09:41,Intel,_AutoCAD PDF (General Documentation).pc3,ISO без полей A2 (594.00 x 420.00 мм),1:0.00605356,
D:\Work WS\Сев\POR\ПОР_НК.dwg,Лист4,30.06.2017 17:09:46,Intel,_AutoCAD PDF (General Documentation).pc3,ISO без полей A2 (594.00 x 420.00 мм),1:0.00605356,
D:\Work WS\Сев\POR\ПОР_НК.dwg,Лист5,30.06.2017 17:10:01,Intel,_AutoCAD PDF (General Documentation).pc3,ISO без полей A3 (420.00 x 297.00 мм),1:0.00606308,
D:\Work WS\Сев\POR\ПОР_НК.dwg,Лист6,30.06.2017 17:10:06,Intel,_AutoCAD PDF (General Documentation).pc3,ISO без полей A3 (420.00 x 297.00 мм),1:0.00606308,
D:\Work WS\Сев\POR\ПОР_НК.dwg,Лист7,30.06.2017 17:10:11,Intel,_AutoCAD PDF (General Documentation).pc3,ISO без полей A3 (420.00 x 297.00 мм),1:0.00606308,
D:\Work WS\Сев\POR\ПОР_НК.dwg,Лист1,30.06.2017 17:12:40,Intel,_AutoCAD PDF (General Documentation).pc3,ISO без полей A2 (594.00 x 420.00 мм),1:0.0302678,
D:\Work WS\Сев\POR\ПОР_НК.dwg,Лист2,30.06.2017 17:12:48,Intel,_AutoCAD PDF (General Documentation).pc3,ISO без полей A2 (594.00 x 420.00 мм),1:0.0302678,
D:\Work WS\Сев\POR\ПОР_НК.dwg,Лист3,30.06.2017 17:12:59,Intel,_AutoCAD PDF (General Documentation).pc3,ISO без полей A2 (594.00 x 420.00 мм),1:0.00605356,
D:\Work WS\Сев\POR\ПОР_НК.dwg,Лист4,30.06.2017 17:13:04,Intel,_AutoCAD PDF (General Documentation).pc3,ISO без полей A2 (594.00 x 420.00 мм),1:0.00605356,
D:\Work WS\Сев\POR\ПОР_НК.dwg,Лист5,30.06.2017 17:13:19,Intel,_AutoCAD PDF (General Documentation).pc3,ISO без полей A3 (420.00 x 297.00 мм),1:0.00606308,
D:\Work WS\Сев\POR\ПОР_НК.dwg,Лист6,30.06.2017 17:13:24,Intel,_AutoCAD PDF (General Documentation).pc3,ISO без полей A3 (420.00 x 297.00 мм),1:0.00606308,
D:\Work WS\Сев\POR\ПОР_НК.dwg,Лист7,30.06.2017 17:13:29,Intel,_AutoCAD PDF (General Documentation).pc3,ISO без полей A3 (420.00 x 297.00 мм),1:0.00606308,
D:\Work WS\Сев\POR\ПОР_НК.dwg,л1_ПОД,30.06.2017 17:16:35,Intel,_AutoCAD PDF (General Documentation).pc3,ISO без полей A2 (594.00 x 420.00 мм),1:0.0302678,
D:\Work WS\Сев\POR\ПОР_НК.dwg,л2_ПОД,30.06.2017 17:16:41,Intel,_AutoCAD PDF (General Documentation).pc3,ISO без полей A3 (420.00 x 297.00 мм),1:0.00606308,
